[1.038s] Invoking command in '/home/hasnae/ros2_ws/src/my_first_package': PYTHONPATH=/home/hasnae/ros2_ws/build/my_first_package/prefix_override:/usr/lib/python3/dist-packages/colcon_core/task/python/colcon_distutils_commands:/home/hasnae/ros2_ws/install/my_first_package/lib/python3.10/site-packages:${PYTHONPATH} /usr/bin/python3 -W ignore:setup.py install is deprecated -W ignore:easy_install command is deprecated setup.py egg_info --egg-base ../../build/my_first_package build --build-base /home/hasnae/ros2_ws/build/my_first_package/build install --record /home/hasnae/ros2_ws/build/my_first_package/install.log --single-version-externally-managed install_data
[1.303s] running egg_info
[1.304s] creating ../../build/my_first_package/my_first_package.egg-info
[1.304s] writing ../../build/my_first_package/my_first_package.egg-info/PKG-INFO
[1.305s] writing dependency_links to ../../build/my_first_package/my_first_package.egg-info/dependency_links.txt
[1.305s] writing entry points to ../../build/my_first_package/my_first_package.egg-info/entry_points.txt
[1.305s] writing requirements to ../../build/my_first_package/my_first_package.egg-info/requires.txt
[1.305s] writing top-level names to ../../build/my_first_package/my_first_package.egg-info/top_level.txt
[1.305s] writing manifest file '../../build/my_first_package/my_first_package.egg-info/SOURCES.txt'
[1.307s] reading manifest file '../../build/my_first_package/my_first_package.egg-info/SOURCES.txt'
[1.307s] writing manifest file '../../build/my_first_package/my_first_package.egg-info/SOURCES.txt'
[1.307s] running build
[1.307s] running build_py
[1.307s] creating /home/hasnae/ros2_ws/build/my_first_package/build
[1.307s] creating /home/hasnae/ros2_ws/build/my_first_package/build/lib
[1.307s] creating /home/hasnae/ros2_ws/build/my_first_package/build/lib/my_first_package
[1.307s] copying my_first_package/simple_subscriber.py -> /home/hasnae/ros2_ws/build/my_first_package/build/lib/my_first_package
[1.308s] copying my_first_package/__init__.py -> /home/hasnae/ros2_ws/build/my_first_package/build/lib/my_first_package
[1.308s] copying my_first_package/simple_publisher.py -> /home/hasnae/ros2_ws/build/my_first_package/build/lib/my_first_package
[1.311s] running install
[1.311s] running install_lib
[1.312s] creating /home/hasnae/ros2_ws/install/my_first_package/lib/python3.10/site-packages/my_first_package
[1.312s] copying /home/hasnae/ros2_ws/build/my_first_package/build/lib/my_first_package/simple_subscriber.py -> /home/hasnae/ros2_ws/install/my_first_package/lib/python3.10/site-packages/my_first_package
[1.312s] copying /home/hasnae/ros2_ws/build/my_first_package/build/lib/my_first_package/__init__.py -> /home/hasnae/ros2_ws/install/my_first_package/lib/python3.10/site-packages/my_first_package
[1.313s] copying /home/hasnae/ros2_ws/build/my_first_package/build/lib/my_first_package/simple_publisher.py -> /home/hasnae/ros2_ws/install/my_first_package/lib/python3.10/site-packages/my_first_package
[1.313s] byte-compiling /home/hasnae/ros2_ws/install/my_first_package/lib/python3.10/site-packages/my_first_package/simple_subscriber.py to simple_subscriber.cpython-310.pyc
[1.314s] byte-compiling /home/hasnae/ros2_ws/install/my_first_package/lib/python3.10/site-packages/my_first_package/__init__.py to __init__.cpython-310.pyc
[1.314s] byte-compiling /home/hasnae/ros2_ws/install/my_first_package/lib/python3.10/site-packages/my_first_package/simple_publisher.py to simple_publisher.cpython-310.pyc
[1.315s] running install_data
[1.315s] creating /home/hasnae/ros2_ws/install/my_first_package/share/ament_index
[1.315s] creating /home/hasnae/ros2_ws/install/my_first_package/share/ament_index/resource_index
[1.315s] creating /home/hasnae/ros2_ws/install/my_first_package/share/ament_index/resource_index/packages
[1.316s] copying resource/my_first_package -> /home/hasnae/ros2_ws/install/my_first_package/share/ament_index/resource_index/packages
[1.316s] copying package.xml -> /home/hasnae/ros2_ws/install/my_first_package/share/my_first_package
[1.318s] running install_egg_info
[1.319s] Copying ../../build/my_first_package/my_first_package.egg-info to /home/hasnae/ros2_ws/install/my_first_package/lib/python3.10/site-packages/my_first_package-0.0.0-py3.10.egg-info
[1.322s] running install_scripts
[1.340s] Installing publisher script to /home/hasnae/ros2_ws/install/my_first_package/lib/my_first_package
[1.341s] Installing subscriber script to /home/hasnae/ros2_ws/install/my_first_package/lib/my_first_package
[1.341s] writing list of installed files to '/home/hasnae/ros2_ws/build/my_first_package/install.log'
[1.370s] Invoked command in '/home/hasnae/ros2_ws/src/my_first_package' returned '0': PYTHONPATH=/home/hasnae/ros2_ws/build/my_first_package/prefix_override:/usr/lib/python3/dist-packages/colcon_core/task/python/colcon_distutils_commands:/home/hasnae/ros2_ws/install/my_first_package/lib/python3.10/site-packages:${PYTHONPATH} /usr/bin/python3 -W ignore:setup.py install is deprecated -W ignore:easy_install command is deprecated setup.py egg_info --egg-base ../../build/my_first_package build --build-base /home/hasnae/ros2_ws/build/my_first_package/build install --record /home/hasnae/ros2_ws/build/my_first_package/install.log --single-version-externally-managed install_data
