[1.611s] Invoking command in '/home/hasnae/ros2_ws/build/my_first_package': PYTHONPATH=/home/hasnae/ros2_ws/build/my_first_package/prefix_override:/usr/lib/python3/dist-packages/colcon_core/task/python/colcon_distutils_commands:/home/hasnae/ros2_ws/install/my_first_package/lib/python3.10/site-packages:${PYTHONPATH} /usr/bin/python3 -W ignore:setup.py install is deprecated -W ignore:easy_install command is deprecated setup.py develop --editable --build-directory /home/hasnae/ros2_ws/build/my_first_package/build --no-deps symlink_data
[2.089s] running develop
[2.393s] running egg_info
[2.393s] writing my_first_package.egg-info/PKG-INFO
[2.393s] writing dependency_links to my_first_package.egg-info/dependency_links.txt
[2.393s] writing entry points to my_first_package.egg-info/entry_points.txt
[2.394s] writing requirements to my_first_package.egg-info/requires.txt
[2.397s] writing top-level names to my_first_package.egg-info/top_level.txt
[2.397s] reading manifest file 'my_first_package.egg-info/SOURCES.txt'
[2.400s] writing manifest file 'my_first_package.egg-info/SOURCES.txt'
[2.402s] running build_ext
[2.403s] Creating /home/hasnae/ros2_ws/install/my_first_package/lib/python3.10/site-packages/my-first-package.egg-link (link to .)
[2.406s] Installing number_publisher script to /home/hasnae/ros2_ws/install/my_first_package/lib/my_first_package
[2.407s] Installing number_subscriber script to /home/hasnae/ros2_ws/install/my_first_package/lib/my_first_package
[2.408s] Installing ping_node script to /home/hasnae/ros2_ws/install/my_first_package/lib/my_first_package
[2.408s] Installing pong_node script to /home/hasnae/ros2_ws/install/my_first_package/lib/my_first_package
[2.408s] Installing publisher script to /home/hasnae/ros2_ws/install/my_first_package/lib/my_first_package
[2.408s] Installing subscriber script to /home/hasnae/ros2_ws/install/my_first_package/lib/my_first_package
[2.408s] Installing turtle_square script to /home/hasnae/ros2_ws/install/my_first_package/lib/my_first_package
[2.408s] 
[2.408s] Installed /home/hasnae/ros2_ws/build/my_first_package
[2.408s] running symlink_data
[2.475s] Invoked command in '/home/hasnae/ros2_ws/build/my_first_package' returned '0': PYTHONPATH=/home/hasnae/ros2_ws/build/my_first_package/prefix_override:/usr/lib/python3/dist-packages/colcon_core/task/python/colcon_distutils_commands:/home/hasnae/ros2_ws/install/my_first_package/lib/python3.10/site-packages:${PYTHONPATH} /usr/bin/python3 -W ignore:setup.py install is deprecated -W ignore:easy_install command is deprecated setup.py develop --editable --build-directory /home/hasnae/ros2_ws/build/my_first_package/build --no-deps symlink_data
