[1.532s] Invoking command in '/home/hasnae/ros2_ws/build/my_first_package': PYTHONPATH=/home/hasnae/ros2_ws/build/my_first_package/prefix_override:/usr/lib/python3/dist-packages/colcon_core/task/python/colcon_distutils_commands:/home/hasnae/ros2_ws/install/my_first_package/lib/python3.10/site-packages:${PYTHONPATH} /usr/bin/python3 -W ignore:setup.py install is deprecated -W ignore:easy_install command is deprecated setup.py develop --editable --build-directory /home/hasnae/ros2_ws/build/my_first_package/build --no-deps symlink_data --force
[1.770s] running develop
[1.910s] running egg_info
[1.912s] writing my_first_package.egg-info/PKG-INFO
[1.912s] writing dependency_links to my_first_package.egg-info/dependency_links.txt
[1.912s] writing entry points to my_first_package.egg-info/entry_points.txt
[1.913s] writing requirements to my_first_package.egg-info/requires.txt
[1.913s] writing top-level names to my_first_package.egg-info/top_level.txt
[1.915s] reading manifest file 'my_first_package.egg-info/SOURCES.txt'
[1.919s] writing manifest file 'my_first_package.egg-info/SOURCES.txt'
[1.922s] running build_ext
[1.922s] Creating /home/hasnae/ros2_ws/install/my_first_package/lib/python3.10/site-packages/my-first-package.egg-link (link to .)
[1.922s] Installing number_publisher script to /home/hasnae/ros2_ws/install/my_first_package/lib/my_first_package
[1.922s] Installing number_subscriber script to /home/hasnae/ros2_ws/install/my_first_package/lib/my_first_package
[1.923s] Installing ping_node script to /home/hasnae/ros2_ws/install/my_first_package/lib/my_first_package
[1.923s] Installing pong_node script to /home/hasnae/ros2_ws/install/my_first_package/lib/my_first_package
[1.923s] Installing publisher script to /home/hasnae/ros2_ws/install/my_first_package/lib/my_first_package
[1.923s] Installing subscriber script to /home/hasnae/ros2_ws/install/my_first_package/lib/my_first_package
[1.923s] Installing turtle_square script to /home/hasnae/ros2_ws/install/my_first_package/lib/my_first_package
[1.924s] 
[1.924s] Installed /home/hasnae/ros2_ws/build/my_first_package
[1.924s] running symlink_data
[1.924s] symbolically linking /home/hasnae/ros2_ws/build/my_first_package/resource/my_first_package -> /home/hasnae/ros2_ws/install/my_first_package/share/ament_index/resource_index/packages
[1.924s] symbolically linking /home/hasnae/ros2_ws/build/my_first_package/package.xml -> /home/hasnae/ros2_ws/install/my_first_package/share/my_first_package
[1.952s] Invoked command in '/home/hasnae/ros2_ws/build/my_first_package' returned '0': PYTHONPATH=/home/hasnae/ros2_ws/build/my_first_package/prefix_override:/usr/lib/python3/dist-packages/colcon_core/task/python/colcon_distutils_commands:/home/hasnae/ros2_ws/install/my_first_package/lib/python3.10/site-packages:${PYTHONPATH} /usr/bin/python3 -W ignore:setup.py install is deprecated -W ignore:easy_install command is deprecated setup.py develop --editable --build-directory /home/hasnae/ros2_ws/build/my_first_package/build --no-deps symlink_data --force
