running develop
running egg_info
writing my_first_package.egg-info/PKG-INFO
writing dependency_links to my_first_package.egg-info/dependency_links.txt
writing entry points to my_first_package.egg-info/entry_points.txt
writing requirements to my_first_package.egg-info/requires.txt
writing top-level names to my_first_package.egg-info/top_level.txt
reading manifest file 'my_first_package.egg-info/SOURCES.txt'
writing manifest file 'my_first_package.egg-info/SOURCES.txt'
running build_ext
Creating /home/hasnae/ros2_ws/install/my_first_package/lib/python3.10/site-packages/my-first-package.egg-link (link to .)
Installing number_publisher script to /home/hasnae/ros2_ws/install/my_first_package/lib/my_first_package
Installing number_subscriber script to /home/hasnae/ros2_ws/install/my_first_package/lib/my_first_package
Installing ping_node script to /home/hasnae/ros2_ws/install/my_first_package/lib/my_first_package
Installing pong_node script to /home/hasnae/ros2_ws/install/my_first_package/lib/my_first_package
Installing publisher script to /home/hasnae/ros2_ws/install/my_first_package/lib/my_first_package
Installing subscriber script to /home/hasnae/ros2_ws/install/my_first_package/lib/my_first_package
Installing turtle_square script to /home/hasnae/ros2_ws/install/my_first_package/lib/my_first_package

Installed /home/hasnae/ros2_ws/build/my_first_package
running symlink_data
