[1.166s] Invoking command in '/home/hasnae/ros2_ws/build/my_first_package': PYTHONPATH=/home/hasnae/ros2_ws/build/my_first_package/prefix_override:/usr/lib/python3/dist-packages/colcon_core/task/python/colcon_distutils_commands:/home/hasnae/ros2_ws/install/my_first_package/lib/python3.10/site-packages:${PYTHONPATH} /usr/bin/python3 -W ignore:setup.py install is deprecated -W ignore:easy_install command is deprecated setup.py develop --editable --build-directory /home/hasnae/ros2_ws/build/my_first_package/build --no-deps symlink_data
[1.695s] running develop
[2.040s] running egg_info
[2.043s] writing my_first_package.egg-info/PKG-INFO
[2.043s] writing dependency_links to my_first_package.egg-info/dependency_links.txt
[2.043s] writing entry points to my_first_package.egg-info/entry_points.txt
[2.043s] writing requirements to my_first_package.egg-info/requires.txt
[2.043s] writing top-level names to my_first_package.egg-info/top_level.txt
[2.047s] reading manifest file 'my_first_package.egg-info/SOURCES.txt'
[2.047s] writing manifest file 'my_first_package.egg-info/SOURCES.txt'
[2.050s] running build_ext
[2.050s] Creating /home/hasnae/ros2_ws/install/my_first_package/lib/python3.10/site-packages/my-first-package.egg-link (link to .)
[2.050s] Installing number_publisher script to /home/hasnae/ros2_ws/install/my_first_package/lib/my_first_package
[2.050s] Installing number_subscriber script to /home/hasnae/ros2_ws/install/my_first_package/lib/my_first_package
[2.051s] Installing ping_node script to /home/hasnae/ros2_ws/install/my_first_package/lib/my_first_package
[2.052s] Installing pong_node script to /home/hasnae/ros2_ws/install/my_first_package/lib/my_first_package
[2.052s] Installing publisher script to /home/hasnae/ros2_ws/install/my_first_package/lib/my_first_package
[2.052s] Installing subscriber script to /home/hasnae/ros2_ws/install/my_first_package/lib/my_first_package
[2.052s] Installing turtle_square script to /home/hasnae/ros2_ws/install/my_first_package/lib/my_first_package
[2.053s] 
[2.053s] Installed /home/hasnae/ros2_ws/build/my_first_package
[2.055s] running symlink_data
[2.107s] Invoked command in '/home/hasnae/ros2_ws/build/my_first_package' returned '0': PYTHONPATH=/home/hasnae/ros2_ws/build/my_first_package/prefix_override:/usr/lib/python3/dist-packages/colcon_core/task/python/colcon_distutils_commands:/home/hasnae/ros2_ws/install/my_first_package/lib/python3.10/site-packages:${PYTHONPATH} /usr/bin/python3 -W ignore:setup.py install is deprecated -W ignore:easy_install command is deprecated setup.py develop --editable --build-directory /home/hasnae/ros2_ws/build/my_first_package/build --no-deps symlink_data
